[1m[32m[../../modules/lte-actions/UlAccessSelection/UplinkPowSimple.cpp: 57] [INFO]   ==> Iteration 100[0m[0m
[1m[32m[../../modules/lte-actions/UlAccessSelection/UplinkPowSimple.cpp: 57] [INFO]   ==> Iteration 200[0m[0m
[1m[32m[../../modules/lte-actions/UlAccessSelection/UplinkPowSimple.cpp: 57] [INFO]   ==> Iteration 300[0m[0m
[1m[32m[../../modules/lte-actions/UlAccessSelection/UplinkPowSimple.cpp: 57] [INFO]   ==> Iteration 400[0m[0m
[1m[32m[../../modules/lte-actions/UlAccessSelection/UplinkPowSimple.cpp: 57] [INFO]   ==> Iteration 500[0m[0m
[1m[32m[../../modules/lte-actions/UlAccessSelection/UplinkPowSimple.cpp: 57] [INFO]   ==> Iteration 100[0m[0m
[1m[32m[../../modules/lte-actions/UlAccessSelection/UplinkPowSimple.cpp: 57] [INFO]   ==> Iteration 200[0m[0m
[1m[32m[../../modules/lte-actions/UlAccessSelection/UplinkPowSimple.cpp: 57] [INFO]   ==> Iteration 300[0m[0m
[1m[32m[../../modules/lte-actions/UlAccessSelection/UplinkPowSimple.cpp: 57] [INFO]   ==> Iteration 400[0m[0m
[1m[32m[../../modules/lte-actions/UlAccessSelection/UplinkPowSimple.cpp: 57] [INFO]   ==> Iteration 500[0m[0m
[1m[32m[../../modules/lte-actions/UlAccessSelection/UplinkPowSimple.cpp: 57] [INFO]   ==> Iteration 100[0m[0m
[1m[32m[../../modules/lte-actions/UlAccessSelection/UplinkPowSimple.cpp: 57] [INFO]   ==> Iteration 200[0m[0m
[1m[32m[../../modules/lte-actions/UlAccessSelection/UplinkPowSimple.cpp: 57] [INFO]   ==> Iteration 300[0m[0m
[1m[32m[../../modules/lte-actions/UlAccessSelection/UplinkPowSimple.cpp: 57] [INFO]   ==> Iteration 400[0m[0m
[1m[32m[../../modules/lte-actions/UlAccessSelection/UplinkPowSimple.cpp: 57] [INFO]   ==> Iteration 500[0m[0m
[1m[32m[../../modules/lte-actions/UlAccessSelection/UplinkPowSimple.cpp: 57] [INFO]   ==> Iteration 100[0m[0m
[1m[32m[../../modules/lte-actions/UlAccessSelection/UplinkPowSimple.cpp: 57] [INFO]   ==> Iteration 200[0m[0m
[1m[32m[../../modules/lte-actions/UlAccessSelection/UplinkPowSimple.cpp: 57] [INFO]   ==> Iteration 300[0m[0m
[1m[32m[../../modules/lte-actions/UlAccessSelection/UplinkPowSimple.cpp: 57] [INFO]   ==> Iteration 400[0m[0m
[1m[32m[../../modules/lte-actions/UlAccessSelection/UplinkPowSimple.cpp: 57] [INFO]   ==> Iteration 500[0m[0m
[1m[32m[../../modules/lte-actions/UlAccessSelection/UplinkPowSimple.cpp: 57] [INFO]   ==> Iteration 100[0m[0m
[1m[32m[../../modules/lte-actions/UlAccessSelection/UplinkPowSimple.cpp: 57] [INFO]   ==> Iteration 200[0m[0m
[1m[32m[../../modules/lte-actions/UlAccessSelection/UplinkPowSimple.cpp: 57] [INFO]   ==> Iteration 300[0m[0m
[1m[32m[../../modules/lte-actions/UlAccessSelection/UplinkPowSimple.cpp: 57] [INFO]   ==> Iteration 400[0m[0m
[1m[32m[../../modules/lte-actions/UlAccessSelection/UplinkPowSimple.cpp: 57] [INFO]   ==> Iteration 500[0m[0m
[1m[32m[../../modules/lte-actions/UlAccessSelection/UplinkPowSimple.cpp: 57] [INFO]   ==> Iteration 100[0m[0m
[1m[32m[../../modules/lte-actions/UlAccessSelection/UplinkPowSimple.cpp: 57] [INFO]   ==> Iteration 200[0m[0m
[1m[32m[../../modules/lte-actions/UlAccessSelection/UplinkPowSimple.cpp: 57] [INFO]   ==> Iteration 300[0m[0m
[1m[32m[../../modules/lte-actions/UlAccessSelection/UplinkPowSimple.cpp: 57] [INFO]   ==> Iteration 400[0m[0m
[1m[32m[../../modules/lte-actions/UlAccessSelection/UplinkPowSimple.cpp: 57] [INFO]   ==> Iteration 500[0m[0m
[1m[32m[../../modules/lte-actions/UlAccessSelection/UplinkPowSimple.cpp: 57] [INFO]   ==> Iteration 100[0m[0m
[1m[32m[../../modules/lte-actions/UlAccessSelection/UplinkPowSimple.cpp: 57] [INFO]   ==> Iteration 200[0m[0m
[1m[32m[../../modules/lte-actions/UlAccessSelection/UplinkPowSimple.cpp: 57] [INFO]   ==> Iteration 300[0m[0m
[1m[32m[../../modules/lte-actions/UlAccessSelection/UplinkPowSimple.cpp: 57] [INFO]   ==> Iteration 400[0m[0m
[1m[32m[../../modules/lte-actions/UlAccessSelection/UplinkPowSimple.cpp: 57] [INFO]   ==> Iteration 500[0m[0m
[1m[32m[../../modules/lte-actions/UlAccessSelection/UplinkPowSimple.cpp: 57] [INFO]   ==> Iteration 100[0m[0m
[1m[32m[../../modules/lte-actions/UlAccessSelection/UplinkPowSimple.cpp: 57] [INFO]   ==> Iteration 200[0m[0m
[1m[32m[../../modules/lte-actions/UlAccessSelection/UplinkPowSimple.cpp: 57] [INFO]   ==> Iteration 300[0m[0m
[1m[32m[../../modules/lte-actions/UlAccessSelection/UplinkPowSimple.cpp: 57] [INFO]   ==> Iteration 400[0m[0m
[1m[32m[../../modules/lte-actions/UlAccessSelection/UplinkPowSimple.cpp: 57] [INFO]   ==> Iteration 500[0m[0m
[1m[32m[../../modules/lte-actions/UlAccessSelection/UplinkPowSimple.cpp: 57] [INFO]   ==> Iteration 100[0m[0m
[1m[32m[../../modules/lte-actions/UlAccessSelection/UplinkPowSimple.cpp: 57] [INFO]   ==> Iteration 200[0m[0m
[1m[32m[../../modules/lte-actions/UlAccessSelection/UplinkPowSimple.cpp: 57] [INFO]   ==> Iteration 300[0m[0m
[1m[32m[../../modules/lte-actions/UlAccessSelection/UplinkPowSimple.cpp: 57] [INFO]   ==> Iteration 400[0m[0m
[1m[32m[../../modules/lte-actions/UlAccessSelection/UplinkPowSimple.cpp: 57] [INFO]   ==> Iteration 500[0m[0m
[1m[32m[../../modules/lte-actions/UlAccessSelection/UplinkPowSimple.cpp: 57] [INFO]   ==> Iteration 100[0m[0m
[1m[32m[../../modules/lte-actions/UlAccessSelection/UplinkPowSimple.cpp: 57] [INFO]   ==> Iteration 200[0m[0m
[1m[32m[../../modules/lte-actions/UlAccessSelection/UplinkPowSimple.cpp: 57] [INFO]   ==> Iteration 300[0m[0m
[1m[32m[../../modules/lte-actions/UlAccessSelection/UplinkPowSimple.cpp: 57] [INFO]   ==> Iteration 400[0m[0m
[1m[32m[../../modules/lte-actions/UlAccessSelection/UplinkPowSimple.cpp: 57] [INFO]   ==> Iteration 500[0m[0m
[1m[32m[../../modules/lte-actions/UlAccessSelection/UplinkPowSimple.cpp: 57] [INFO]   ==> Iteration 100[0m[0m
[1m[32m[../../modules/lte-actions/UlAccessSelection/UplinkPowSimple.cpp: 57] [INFO]   ==> Iteration 200[0m[0m
[1m[32m[../../modules/lte-actions/UlAccessSelection/UplinkPowSimple.cpp: 57] [INFO]   ==> Iteration 300[0m[0m
[1m[32m[../../modules/lte-actions/UlAccessSelection/UplinkPowSimple.cpp: 57] [INFO]   ==> Iteration 400[0m[0m
[1m[32m[../../modules/lte-actions/UlAccessSelection/UplinkPowSimple.cpp: 57] [INFO]   ==> Iteration 500[0m[0m
[1m[32m[../../modules/lte-actions/UlAccessSelection/UplinkPowSimple.cpp: 57] [INFO]   ==> Iteration 100[0m[0m
[1m[32m[../../modules/lte-actions/UlAccessSelection/UplinkPowSimple.cpp: 57] [INFO]   ==> Iteration 200[0m[0m
[1m[32m[../../modules/lte-actions/UlAccessSelection/UplinkPowSimple.cpp: 57] [INFO]   ==> Iteration 300[0m[0m
[1m[32m[../../modules/lte-actions/UlAccessSelection/UplinkPowSimple.cpp: 57] [INFO]   ==> Iteration 400[0m[0m
[1m[32m[../../modules/lte-actions/UlAccessSelection/UplinkPowSimple.cpp: 57] [INFO]   ==> Iteration 500[0m[0m
[1m[32m[../../modules/lte-actions/UlAccessSelection/UplinkPowSimple.cpp: 57] [INFO]   ==> Iteration 100[0m[0m
[1m[32m[../../modules/lte-actions/UlAccessSelection/UplinkPowSimple.cpp: 57] [INFO]   ==> Iteration 200[0m[0m
[1m[32m[../../modules/lte-actions/UlAccessSelection/UplinkPowSimple.cpp: 57] [INFO]   ==> Iteration 300[0m[0m
[1m[32m[../../modules/lte-actions/UlAccessSelection/UplinkPowSimple.cpp: 57] [INFO]   ==> Iteration 400[0m[0m
[1m[32m[../../modules/lte-actions/UlAccessSelection/UplinkPowSimple.cpp: 57] [INFO]   ==> Iteration 500[0m[0m
[1m[32m[../../modules/lte-actions/UlAccessSelection/UplinkPowSimple.cpp: 57] [INFO]   ==> Iteration 100[0m[0m
[1m[32m[../../modules/lte-actions/UlAccessSelection/UplinkPowSimple.cpp: 57] [INFO]   ==> Iteration 200[0m[0m
[1m[32m[../../modules/lte-actions/UlAccessSelection/UplinkPowSimple.cpp: 57] [INFO]   ==> Iteration 300[0m[0m
[1m[32m[../../modules/lte-actions/UlAccessSelection/UplinkPowSimple.cpp: 57] [INFO]   ==> Iteration 400[0m[0m
[1m[32m[../../modules/lte-actions/UlAccessSelection/UplinkPowSimple.cpp: 57] [INFO]   ==> Iteration 500[0m[0m
[1m[32m[../../modules/lte-actions/UlAccessSelection/UplinkPowSimple.cpp: 57] [INFO]   ==> Iteration 100[0m[0m
[1m[32m[../../modules/lte-actions/UlAccessSelection/UplinkPowSimple.cpp: 57] [INFO]   ==> Iteration 200[0m[0m
[1m[32m[../../modules/lte-actions/UlAccessSelection/UplinkPowSimple.cpp: 57] [INFO]   ==> Iteration 300[0m[0m
[1m[32m[../../modules/lte-actions/UlAccessSelection/UplinkPowSimple.cpp: 57] [INFO]   ==> Iteration 400[0m[0m
[1m[32m[../../modules/lte-actions/UlAccessSelection/UplinkPowSimple.cpp: 57] [INFO]   ==> Iteration 500[0m[0m
[1m[32m[../../modules/lte-actions/UlAccessSelection/UplinkPowSimple.cpp: 57] [INFO]   ==> Iteration 100[0m[0m
[1m[32m[../../modules/lte-actions/UlAccessSelection/UplinkPowSimple.cpp: 57] [INFO]   ==> Iteration 200[0m[0m
[1m[32m[../../modules/lte-actions/UlAccessSelection/UplinkPowSimple.cpp: 57] [INFO]   ==> Iteration 300[0m[0m
[1m[32m[../../modules/lte-actions/UlAccessSelection/UplinkPowSimple.cpp: 57] [INFO]   ==> Iteration 400[0m[0m
[1m[32m[../../modules/lte-actions/UlAccessSelection/UplinkPowSimple.cpp: 57] [INFO]   ==> Iteration 500[0m[0m
[1m[32m[../../modules/lte-actions/UlAccessSelection/UplinkPowSimple.cpp: 57] [INFO]   ==> Iteration 100[0m[0m
[1m[32m[../../modules/lte-actions/UlAccessSelection/UplinkPowSimple.cpp: 57] [INFO]   ==> Iteration 200[0m[0m
[1m[32m[../../modules/lte-actions/UlAccessSelection/UplinkPowSimple.cpp: 57] [INFO]   ==> Iteration 300[0m[0m
[1m[32m[../../modules/lte-actions/UlAccessSelection/UplinkPowSimple.cpp: 57] [INFO]   ==> Iteration 400[0m[0m
[1m[32m[../../modules/lte-actions/UlAccessSelection/UplinkPowSimple.cpp: 57] [INFO]   ==> Iteration 500[0m[0m
[1m[32m[../../modules/lte-actions/UlAccessSelection/UplinkPowSimple.cpp: 57] [INFO]   ==> Iteration 100[0m[0m
[1m[32m[../../modules/lte-actions/UlAccessSelection/UplinkPowSimple.cpp: 57] [INFO]   ==> Iteration 200[0m[0m
[1m[32m[../../modules/lte-actions/UlAccessSelection/UplinkPowSimple.cpp: 57] [INFO]   ==> Iteration 300[0m[0m
[1m[32m[../../modules/lte-actions/UlAccessSelection/UplinkPowSimple.cpp: 57] [INFO]   ==> Iteration 400[0m[0m
[1m[32m[../../modules/lte-actions/UlAccessSelection/UplinkPowSimple.cpp: 57] [INFO]   ==> Iteration 500[0m[0m
[1m[32m[../../modules/lte-actions/UlAccessSelection/UplinkPowSimple.cpp: 57] [INFO]   ==> Iteration 100[0m[0m
[1m[32m[../../modules/lte-actions/UlAccessSelection/UplinkPowSimple.cpp: 57] [INFO]   ==> Iteration 200[0m[0m
[1m[32m[../../modules/lte-actions/UlAccessSelection/UplinkPowSimple.cpp: 57] [INFO]   ==> Iteration 300[0m[0m
[1m[32m[../../modules/lte-actions/UlAccessSelection/UplinkPowSimple.cpp: 57] [INFO]   ==> Iteration 400[0m[0m
[1m[32m[../../modules/lte-actions/UlAccessSelection/UplinkPowSimple.cpp: 57] [INFO]   ==> Iteration 500[0m[0m
[1m[32m[../../modules/lte-actions/UlAccessSelection/UplinkPowSimple.cpp: 57] [INFO]   ==> Iteration 100[0m[0m
[1m[32m[../../modules/lte-actions/UlAccessSelection/UplinkPowSimple.cpp: 57] [INFO]   ==> Iteration 200[0m[0m
[1m[32m[../../modules/lte-actions/UlAccessSelection/UplinkPowSimple.cpp: 57] [INFO]   ==> Iteration 300[0m[0m
[1m[32m[../../modules/lte-actions/UlAccessSelection/UplinkPowSimple.cpp: 57] [INFO]   ==> Iteration 400[0m[0m
[1m[32m[../../modules/lte-actions/UlAccessSelection/UplinkPowSimple.cpp: 57] [INFO]   ==> Iteration 500[0m[0m
[1m[32m[../../modules/lte-actions/UlAccessSelection/UplinkPowSimple.cpp: 57] [INFO]   ==> Iteration 100[0m[0m
[1m[32m[../../modules/lte-actions/UlAccessSelection/UplinkPowSimple.cpp: 57] [INFO]   ==> Iteration 200[0m[0m
[1m[32m[../../modules/lte-actions/UlAccessSelection/UplinkPowSimple.cpp: 57] [INFO]   ==> Iteration 300[0m[0m
[1m[32m[../../modules/lte-actions/UlAccessSelection/UplinkPowSimple.cpp: 57] [INFO]   ==> Iteration 400[0m[0m
[1m[32m[../../modules/lte-actions/UlAccessSelection/UplinkPowSimple.cpp: 57] [INFO]   ==> Iteration 500[0m[0m
[1m[32m[../../modules/lte-actions/UlAccessSelection/UplinkPowSimple.cpp: 57] [INFO]   ==> Iteration 100[0m[0m
[1m[32m[../../modules/lte-actions/UlAccessSelection/UplinkPowSimple.cpp: 57] [INFO]   ==> Iteration 200[0m[0m
[1m[32m[../../modules/lte-actions/UlAccessSelection/UplinkPowSimple.cpp: 57] [INFO]   ==> Iteration 300[0m[0m
[1m[32m[../../modules/lte-actions/UlAccessSelection/UplinkPowSimple.cpp: 57] [INFO]   ==> Iteration 400[0m[0m
[1m[32m[../../modules/lte-actions/UlAccessSelection/UplinkPowSimple.cpp: 57] [INFO]   ==> Iteration 500[0m[0m
[1m[32m[../../modules/lte-actions/UlAccessSelection/UplinkPowSimple.cpp: 57] [INFO]   ==> Iteration 100[0m[0m
[1m[32m[../../modules/lte-actions/UlAccessSelection/UplinkPowSimple.cpp: 57] [INFO]   ==> Iteration 200[0m[0m
[1m[32m[../../modules/lte-actions/UlAccessSelection/UplinkPowSimple.cpp: 57] [INFO]   ==> Iteration 300[0m[0m
[1m[32m[../../modules/lte-actions/UlAccessSelection/UplinkPowSimple.cpp: 57] [INFO]   ==> Iteration 400[0m[0m
[1m[32m[../../modules/lte-actions/UlAccessSelection/UplinkPowSimple.cpp: 57] [INFO]   ==> Iteration 500[0m[0m
[1m[32m[../../modules/lte-actions/UlAccessSelection/UplinkPowSimple.cpp: 57] [INFO]   ==> Iteration 100[0m[0m
[1m[32m[../../modules/lte-actions/UlAccessSelection/UplinkPowSimple.cpp: 57] [INFO]   ==> Iteration 200[0m[0m
[1m[32m[../../modules/lte-actions/UlAccessSelection/UplinkPowSimple.cpp: 57] [INFO]   ==> Iteration 300[0m[0m
[1m[32m[../../modules/lte-actions/UlAccessSelection/UplinkPowSimple.cpp: 57] [INFO]   ==> Iteration 400[0m[0m
[1m[32m[../../modules/lte-actions/UlAccessSelection/UplinkPowSimple.cpp: 57] [INFO]   ==> Iteration 500[0m[0m
[1m[32m[../../modules/lte-actions/UlAccessSelection/UplinkPowSimple.cpp: 57] [INFO]   ==> Iteration 100[0m[0m
[1m[32m[../../modules/lte-actions/UlAccessSelection/UplinkPowSimple.cpp: 57] [INFO]   ==> Iteration 200[0m[0m
[1m[32m[../../modules/lte-actions/UlAccessSelection/UplinkPowSimple.cpp: 57] [INFO]   ==> Iteration 300[0m[0m
[1m[32m[../../modules/lte-actions/UlAccessSelection/UplinkPowSimple.cpp: 57] [INFO]   ==> Iteration 400[0m[0m
[1m[32m[../../modules/lte-actions/UlAccessSelection/UplinkPowSimple.cpp: 57] [INFO]   ==> Iteration 500[0m[0m
[1m[32m[../../modules/lte-actions/UlAccessSelection/UplinkPowSimple.cpp: 57] [INFO]   ==> Iteration 100[0m[0m
[1m[32m[../../modules/lte-actions/UlAccessSelection/UplinkPowSimple.cpp: 57] [INFO]   ==> Iteration 200[0m[0m
[1m[32m[../../modules/lte-actions/UlAccessSelection/UplinkPowSimple.cpp: 57] [INFO]   ==> Iteration 300[0m[0m
[1m[32m[../../modules/lte-actions/UlAccessSelection/UplinkPowSimple.cpp: 57] [INFO]   ==> Iteration 400[0m[0m
[1m[32m[../../modules/lte-actions/UlAccessSelection/UplinkPowSimple.cpp: 57] [INFO]   ==> Iteration 500[0m[0m
[1m[32m[../../modules/lte-actions/UlAccessSelection/UplinkPowSimple.cpp: 57] [INFO]   ==> Iteration 100[0m[0m
[1m[32m[../../modules/lte-actions/UlAccessSelection/UplinkPowSimple.cpp: 57] [INFO]   ==> Iteration 200[0m[0m
[1m[32m[../../modules/lte-actions/UlAccessSelection/UplinkPowSimple.cpp: 57] [INFO]   ==> Iteration 300[0m[0m
[1m[32m[../../modules/lte-actions/UlAccessSelection/UplinkPowSimple.cpp: 57] [INFO]   ==> Iteration 400[0m[0m
[1m[32m[../../modules/lte-actions/UlAccessSelection/UplinkPowSimple.cpp: 57] [INFO]   ==> Iteration 500[0m[0m
[1m[32m[../../modules/lte-actions/UlAccessSelection/UplinkPowSimple.cpp: 57] [INFO]   ==> Iteration 100[0m[0m
[1m[32m[../../modules/lte-actions/UlAccessSelection/UplinkPowSimple.cpp: 57] [INFO]   ==> Iteration 200[0m[0m
[1m[32m[../../modules/lte-actions/UlAccessSelection/UplinkPowSimple.cpp: 57] [INFO]   ==> Iteration 300[0m[0m
[1m[32m[../../modules/lte-actions/UlAccessSelection/UplinkPowSimple.cpp: 57] [INFO]   ==> Iteration 400[0m[0m
[1m[32m[../../modules/lte-actions/UlAccessSelection/UplinkPowSimple.cpp: 57] [INFO]   ==> Iteration 500[0m[0m
[1m[32m[../../modules/lte-actions/UlAccessSelection/UplinkPowSimple.cpp: 57] [INFO]   ==> Iteration 100[0m[0m
[1m[32m[../../modules/lte-actions/UlAccessSelection/UplinkPowSimple.cpp: 57] [INFO]   ==> Iteration 200[0m[0m
[1m[32m[../../modules/lte-actions/UlAccessSelection/UplinkPowSimple.cpp: 57] [INFO]   ==> Iteration 300[0m[0m
[1m[32m[../../modules/lte-actions/UlAccessSelection/UplinkPowSimple.cpp: 57] [INFO]   ==> Iteration 400[0m[0m
[1m[32m[../../modules/lte-actions/UlAccessSelection/UplinkPowSimple.cpp: 57] [INFO]   ==> Iteration 500[0m[0m
[1m[32m[../../modules/lte-actions/UlAccessSelection/UplinkPowSimple.cpp: 57] [INFO]   ==> Iteration 100[0m[0m
[1m[32m[../../modules/lte-actions/UlAccessSelection/UplinkPowSimple.cpp: 57] [INFO]   ==> Iteration 200[0m[0m
[1m[32m[../../modules/lte-actions/UlAccessSelection/UplinkPowSimple.cpp: 57] [INFO]   ==> Iteration 300[0m[0m
[1m[32m[../../modules/lte-actions/UlAccessSelection/UplinkPowSimple.cpp: 57] [INFO]   ==> Iteration 400[0m[0m
[1m[32m[../../modules/lte-actions/UlAccessSelection/UplinkPowSimple.cpp: 57] [INFO]   ==> Iteration 500[0m[0m
[1m[32m[../../modules/lte-actions/UlAccessSelection/UplinkPowSimple.cpp: 57] [INFO]   ==> Iteration 100[0m[0m
[1m[32m[../../modules/lte-actions/UlAccessSelection/UplinkPowSimple.cpp: 57] [INFO]   ==> Iteration 200[0m[0m
[1m[32m[../../modules/lte-actions/UlAccessSelection/UplinkPowSimple.cpp: 57] [INFO]   ==> Iteration 300[0m[0m
[1m[32m[../../modules/lte-actions/UlAccessSelection/UplinkPowSimple.cpp: 57] [INFO]   ==> Iteration 400[0m[0m
[1m[32m[../../modules/lte-actions/UlAccessSelection/UplinkPowSimple.cpp: 57] [INFO]   ==> Iteration 500[0m[0m
[1m[32m[../../modules/lte-actions/UlAccessSelection/UplinkPowSimple.cpp: 57] [INFO]   ==> Iteration 100[0m[0m
[1m[32m[../../modules/lte-actions/UlAccessSelection/UplinkPowSimple.cpp: 57] [INFO]   ==> Iteration 200[0m[0m
[1m[32m[../../modules/lte-actions/UlAccessSelection/UplinkPowSimple.cpp: 57] [INFO]   ==> Iteration 300[0m[0m
[1m[32m[../../modules/lte-actions/UlAccessSelection/UplinkPowSimple.cpp: 57] [INFO]   ==> Iteration 400[0m[0m
[1m[32m[../../modules/lte-actions/UlAccessSelection/UplinkPowSimple.cpp: 57] [INFO]   ==> Iteration 500[0m[0m
[1m[32m[../../modules/lte-actions/UlAccessSelection/UplinkPowSimple.cpp: 57] [INFO]   ==> Iteration 100[0m[0m
[1m[32m[../../modules/lte-actions/UlAccessSelection/UplinkPowSimple.cpp: 57] [INFO]   ==> Iteration 200[0m[0m
[1m[32m[../../modules/lte-actions/UlAccessSelection/UplinkPowSimple.cpp: 57] [INFO]   ==> Iteration 300[0m[0m
[1m[32m[../../modules/lte-actions/UlAccessSelection/UplinkPowSimple.cpp: 57] [INFO]   ==> Iteration 400[0m[0m
[1m[32m[../../modules/lte-actions/UlAccessSelection/UplinkPowSimple.cpp: 57] [INFO]   ==> Iteration 500[0m[0m
[1m[32m[../../modules/lte-actions/UlAccessSelection/UplinkPowSimple.cpp: 57] [INFO]   ==> Iteration 100[0m[0m
[1m[32m[../../modules/lte-actions/UlAccessSelection/UplinkPowSimple.cpp: 57] [INFO]   ==> Iteration 200[0m[0m
[1m[32m[../../modules/lte-actions/UlAccessSelection/UplinkPowSimple.cpp: 57] [INFO]   ==> Iteration 300[0m[0m
[1m[32m[../../modules/lte-actions/UlAccessSelection/UplinkPowSimple.cpp: 57] [INFO]   ==> Iteration 400[0m[0m
[1m[32m[../../modules/lte-actions/UlAccessSelection/UplinkPowSimple.cpp: 57] [INFO]   ==> Iteration 500[0m[0m
[1m[32m[../../modules/lte-actions/UlAccessSelection/UplinkPowSimple.cpp: 57] [INFO]   ==> Iteration 100[0m[0m
[1m[32m[../../modules/lte-actions/UlAccessSelection/UplinkPowSimple.cpp: 57] [INFO]   ==> Iteration 200[0m[0m
[1m[32m[../../modules/lte-actions/UlAccessSelection/UplinkPowSimple.cpp: 57] [INFO]   ==> Iteration 300[0m[0m
[1m[32m[../../modules/lte-actions/UlAccessSelection/UplinkPowSimple.cpp: 57] [INFO]   ==> Iteration 400[0m[0m
[1m[32m[../../modules/lte-actions/UlAccessSelection/UplinkPowSimple.cpp: 57] [INFO]   ==> Iteration 500[0m[0m
[1m[32m[../../modules/lte-actions/UlAccessSelection/UplinkPowSimple.cpp: 57] [INFO]   ==> Iteration 100[0m[0m
[1m[32m[../../modules/lte-actions/UlAccessSelection/UplinkPowSimple.cpp: 57] [INFO]   ==> Iteration 200[0m[0m
[1m[32m[../../modules/lte-actions/UlAccessSelection/UplinkPowSimple.cpp: 57] [INFO]   ==> Iteration 300[0m[0m
[1m[32m[../../modules/lte-actions/UlAccessSelection/UplinkPowSimple.cpp: 57] [INFO]   ==> Iteration 400[0m[0m
[1m[32m[../../modules/lte-actions/UlAccessSelection/UplinkPowSimple.cpp: 57] [INFO]   ==> Iteration 500[0m[0m
[1m[32m[../../modules/lte-actions/UlAccessSelection/UplinkPowSimple.cpp: 57] [INFO]   ==> Iteration 100[0m[0m
[1m[32m[../../modules/lte-actions/UlAccessSelection/UplinkPowSimple.cpp: 57] [INFO]   ==> Iteration 200[0m[0m
[1m[32m[../../modules/lte-actions/UlAccessSelection/UplinkPowSimple.cpp: 57] [INFO]   ==> Iteration 300[0m[0m
[1m[32m[../../modules/lte-actions/UlAccessSelection/UplinkPowSimple.cpp: 57] [INFO]   ==> Iteration 400[0m[0m
[1m[32m[../../modules/lte-actions/UlAccessSelection/UplinkPowSimple.cpp: 57] [INFO]   ==> Iteration 500[0m[0m
[1m[32m[../../modules/lte-actions/UlAccessSelection/UplinkPowSimple.cpp: 57] [INFO]   ==> Iteration 100[0m[0m
[1m[32m[../../modules/lte-actions/UlAccessSelection/UplinkPowSimple.cpp: 57] [INFO]   ==> Iteration 200[0m[0m
[1m[32m[../../modules/lte-actions/UlAccessSelection/UplinkPowSimple.cpp: 57] [INFO]   ==> Iteration 300[0m[0m
[1m[32m[../../modules/lte-actions/UlAccessSelection/UplinkPowSimple.cpp: 57] [INFO]   ==> Iteration 400[0m[0m
[1m[32m[../../modules/lte-actions/UlAccessSelection/UplinkPowSimple.cpp: 57] [INFO]   ==> Iteration 500[0m[0m
[1m[32m[../../modules/lte-actions/UlAccessSelection/UplinkPowSimple.cpp: 57] [INFO]   ==> Iteration 100[0m[0m
[1m[32m[../../modules/lte-actions/UlAccessSelection/UplinkPowSimple.cpp: 57] [INFO]   ==> Iteration 200[0m[0m
[1m[32m[../../modules/lte-actions/UlAccessSelection/UplinkPowSimple.cpp: 57] [INFO]   ==> Iteration 300[0m[0m
[1m[32m[../../modules/lte-actions/UlAccessSelection/UplinkPowSimple.cpp: 57] [INFO]   ==> Iteration 400[0m[0m
[1m[32m[../../modules/lte-actions/UlAccessSelection/UplinkPowSimple.cpp: 57] [INFO]   ==> Iteration 500[0m[0m
[1m[32m[../../modules/lte-actions/UlAccessSelection/UplinkPowSimple.cpp: 57] [INFO]   ==> Iteration 100[0m[0m
[1m[32m[../../modules/lte-actions/UlAccessSelection/UplinkPowSimple.cpp: 57] [INFO]   ==> Iteration 200[0m[0m
[1m[32m[../../modules/lte-actions/UlAccessSelection/UplinkPowSimple.cpp: 57] [INFO]   ==> Iteration 300[0m[0m
[1m[32m[../../modules/lte-actions/UlAccessSelection/UplinkPowSimple.cpp: 57] [INFO]   ==> Iteration 400[0m[0m
[1m[32m[../../modules/lte-actions/UlAccessSelection/UplinkPowSimple.cpp: 57] [INFO]   ==> Iteration 500[0m[0m
[1m[32m[../../modules/lte-actions/UlAccessSelection/UplinkPowSimple.cpp: 57] [INFO]   ==> Iteration 100[0m[0m
[1m[32m[../../modules/lte-actions/UlAccessSelection/UplinkPowSimple.cpp: 57] [INFO]   ==> Iteration 200[0m[0m
[1m[32m[../../modules/lte-actions/UlAccessSelection/UplinkPowSimple.cpp: 57] [INFO]   ==> Iteration 300[0m[0m
[1m[32m[../../modules/lte-actions/UlAccessSelection/UplinkPowSimple.cpp: 57] [INFO]   ==> Iteration 400[0m[0m
[1m[32m[../../modules/lte-actions/UlAccessSelection/UplinkPowSimple.cpp: 57] [INFO]   ==> Iteration 500[0m[0m
[1m[32m[../../modules/lte-actions/UlAccessSelection/UplinkPowSimple.cpp: 57] [INFO]   ==> Iteration 100[0m[0m
[1m[32m[../../modules/lte-actions/UlAccessSelection/UplinkPowSimple.cpp: 57] [INFO]   ==> Iteration 200[0m[0m
[1m[32m[../../modules/lte-actions/UlAccessSelection/UplinkPowSimple.cpp: 57] [INFO]   ==> Iteration 300[0m[0m
[1m[32m[../../modules/lte-actions/UlAccessSelection/UplinkPowSimple.cpp: 57] [INFO]   ==> Iteration 400[0m[0m
[1m[32m[../../modules/lte-actions/UlAccessSelection/UplinkPowSimple.cpp: 57] [INFO]   ==> Iteration 500[0m[0m
[1m[32m[../../modules/lte-actions/UlAccessSelection/UplinkPowSimple.cpp: 57] [INFO]   ==> Iteration 100[0m[0m
[1m[32m[../../modules/lte-actions/UlAccessSelection/UplinkPowSimple.cpp: 57] [INFO]   ==> Iteration 200[0m[0m
[1m[32m[../../modules/lte-actions/UlAccessSelection/UplinkPowSimple.cpp: 57] [INFO]   ==> Iteration 300[0m[0m
[1m[32m[../../modules/lte-actions/UlAccessSelection/UplinkPowSimple.cpp: 57] [INFO]   ==> Iteration 400[0m[0m
[1m[32m[../../modules/lte-actions/UlAccessSelection/UplinkPowSimple.cpp: 57] [INFO]   ==> Iteration 500[0m[0m
[1m[32m[../../modules/lte-actions/UlAccessSelection/UplinkPowSimple.cpp: 57] [INFO]   ==> Iteration 100[0m[0m
[1m[32m[../../modules/lte-actions/UlAccessSelection/UplinkPowSimple.cpp: 57] [INFO]   ==> Iteration 200[0m[0m
[1m[32m[../../modules/lte-actions/UlAccessSelection/UplinkPowSimple.cpp: 57] [INFO]   ==> Iteration 300[0m[0m
[1m[32m[../../modules/lte-actions/UlAccessSelection/UplinkPowSimple.cpp: 57] [INFO]   ==> Iteration 400[0m[0m
[1m[32m[../../modules/lte-actions/UlAccessSelection/UplinkPowSimple.cpp: 57] [INFO]   ==> Iteration 500[0m[0m
[1m[32m[../../modules/lte-actions/UlAccessSelection/UplinkPowSimple.cpp: 57] [INFO]   ==> Iteration 100[0m[0m
[1m[32m[../../modules/lte-actions/UlAccessSelection/UplinkPowSimple.cpp: 57] [INFO]   ==> Iteration 200[0m[0m
[1m[32m[../../modules/lte-actions/UlAccessSelection/UplinkPowSimple.cpp: 57] [INFO]   ==> Iteration 300[0m[0m
[1m[32m[../../modules/lte-actions/UlAccessSelection/UplinkPowSimple.cpp: 57] [INFO]   ==> Iteration 400[0m[0m
[1m[32m[../../modules/lte-actions/UlAccessSelection/UplinkPowSimple.cpp: 57] [INFO]   ==> Iteration 500[0m[0m
[1m[32m[../../modules/lte-actions/UlAccessSelection/UplinkPowSimple.cpp: 57] [INFO]   ==> Iteration 100[0m[0m
[1m[32m[../../modules/lte-actions/UlAccessSelection/UplinkPowSimple.cpp: 57] [INFO]   ==> Iteration 200[0m[0m
[1m[32m[../../modules/lte-actions/UlAccessSelection/UplinkPowSimple.cpp: 57] [INFO]   ==> Iteration 300[0m[0m
[1m[32m[../../modules/lte-actions/UlAccessSelection/UplinkPowSimple.cpp: 57] [INFO]   ==> Iteration 400[0m[0m
[1m[32m[../../modules/lte-actions/UlAccessSelection/UplinkPowSimple.cpp: 57] [INFO]   ==> Iteration 500[0m[0m
[1m[32m[../../modules/lte-actions/UlAccessSelection/UplinkPowSimple.cpp: 57] [INFO]   ==> Iteration 100[0m[0m
[1m[32m[../../modules/lte-actions/UlAccessSelection/UplinkPowSimple.cpp: 57] [INFO]   ==> Iteration 200[0m[0m
[1m[32m[../../modules/lte-actions/UlAccessSelection/UplinkPowSimple.cpp: 57] [INFO]   ==> Iteration 300[0m[0m
[1m[32m[../../modules/lte-actions/UlAccessSelection/UplinkPowSimple.cpp: 57] [INFO]   ==> Iteration 400[0m[0m
[1m[32m[../../modules/lte-actions/UlAccessSelection/UplinkPowSimple.cpp: 57] [INFO]   ==> Iteration 500[0m[0m
[1m[32m[../../modules/lte-actions/UlAccessSelection/UplinkPowSimple.cpp: 57] [INFO]   ==> Iteration 100[0m[0m
[1m[32m[../../modules/lte-actions/UlAccessSelection/UplinkPowSimple.cpp: 57] [INFO]   ==> Iteration 200[0m[0m
[1m[32m[../../modules/lte-actions/UlAccessSelection/UplinkPowSimple.cpp: 57] [INFO]   ==> Iteration 300[0m[0m
[1m[32m[../../modules/lte-actions/UlAccessSelection/UplinkPowSimple.cpp: 57] [INFO]   ==> Iteration 400[0m[0m
[1m[32m[../../modules/lte-actions/UlAccessSelection/UplinkPowSimple.cpp: 57] [INFO]   ==> Iteration 500[0m[0m
[1m[32m[../../modules/lte-actions/UlAccessSelection/UplinkPowSimple.cpp: 57] [INFO]   ==> Iteration 100[0m[0m
[1m[32m[../../modules/lte-actions/UlAccessSelection/UplinkPowSimple.cpp: 57] [INFO]   ==> Iteration 200[0m[0m
[1m[32m[../../modules/lte-actions/UlAccessSelection/UplinkPowSimple.cpp: 57] [INFO]   ==> Iteration 300[0m[0m
[1m[32m[../../modules/lte-actions/UlAccessSelection/UplinkPowSimple.cpp: 57] [INFO]   ==> Iteration 400[0m[0m
[1m[32m[../../modules/lte-actions/UlAccessSelection/UplinkPowSimple.cpp: 57] [INFO]   ==> Iteration 500[0m[0m
[1m[32m[../../modules/lte-actions/UlAccessSelection/UplinkPowSimple.cpp: 57] [INFO]   ==> Iteration 100[0m[0m
[1m[32m[../../modules/lte-actions/UlAccessSelection/UplinkPowSimple.cpp: 57] [INFO]   ==> Iteration 200[0m[0m
[1m[32m[../../modules/lte-actions/UlAccessSelection/UplinkPowSimple.cpp: 57] [INFO]   ==> Iteration 300[0m[0m
[1m[32m[../../modules/lte-actions/UlAccessSelection/UplinkPowSimple.cpp: 57] [INFO]   ==> Iteration 400[0m[0m
[1m[32m[../../modules/lte-actions/UlAccessSelection/UplinkPowSimple.cpp: 57] [INFO]   ==> Iteration 500[0m[0m
[1m[32m[../../modules/lte-actions/UlAccessSelection/UplinkPowSimple.cpp: 57] [INFO]   ==> Iteration 100[0m[0m
[1m[32m[../../modules/lte-actions/UlAccessSelection/UplinkPowSimple.cpp: 57] [INFO]   ==> Iteration 200[0m[0m
[1m[32m[../../modules/lte-actions/UlAccessSelection/UplinkPowSimple.cpp: 57] [INFO]   ==> Iteration 300[0m[0m
[1m[32m[../../modules/lte-actions/UlAccessSelection/UplinkPowSimple.cpp: 57] [INFO]   ==> Iteration 400[0m[0m
[1m[32m[../../modules/lte-actions/UlAccessSelection/UplinkPowSimple.cpp: 57] [INFO]   ==> Iteration 500[0m[0m
[1m[32m[../../modules/lte-actions/UlAccessSelection/UplinkPowSimple.cpp: 57] [INFO]   ==> Iteration 100[0m[0m
[1m[32m[../../modules/lte-actions/UlAccessSelection/UplinkPowSimple.cpp: 57] [INFO]   ==> Iteration 200[0m[0m
[1m[32m[../../modules/lte-actions/UlAccessSelection/UplinkPowSimple.cpp: 57] [INFO]   ==> Iteration 300[0m[0m
[1m[32m[../../modules/lte-actions/UlAccessSelection/UplinkPowSimple.cpp: 57] [INFO]   ==> Iteration 400[0m[0m
[1m[32m[../../modules/lte-actions/UlAccessSelection/UplinkPowSimple.cpp: 57] [INFO]   ==> Iteration 500[0m[0m
[1m[32m[../../modules/lte-actions/UlAccessSelection/UplinkPowSimple.cpp: 57] [INFO]   ==> Iteration 100[0m[0m
[1m[32m[../../modules/lte-actions/UlAccessSelection/UplinkPowSimple.cpp: 57] [INFO]   ==> Iteration 200[0m[0m
[1m[32m[../../modules/lte-actions/UlAccessSelection/UplinkPowSimple.cpp: 57] [INFO]   ==> Iteration 300[0m[0m
[1m[32m[../../modules/lte-actions/UlAccessSelection/UplinkPowSimple.cpp: 57] [INFO]   ==> Iteration 400[0m[0m
[1m[32m[../../modules/lte-actions/UlAccessSelection/UplinkPowSimple.cpp: 57] [INFO]   ==> Iteration 500[0m[0m
[1m[32m[../../modules/lte-actions/UlAccessSelection/UplinkPowSimple.cpp: 57] [INFO]   ==> Iteration 100[0m[0m
[1m[32m[../../modules/lte-actions/UlAccessSelection/UplinkPowSimple.cpp: 57] [INFO]   ==> Iteration 200[0m[0m
[1m[32m[../../modules/lte-actions/UlAccessSelection/UplinkPowSimple.cpp: 57] [INFO]   ==> Iteration 300[0m[0m
[1m[32m[../../modules/lte-actions/UlAccessSelection/UplinkPowSimple.cpp: 57] [INFO]   ==> Iteration 400[0m[0m
[1m[32m[../../modules/lte-actions/UlAccessSelection/UplinkPowSimple.cpp: 57] [INFO]   ==> Iteration 500[0m[0m
[1m[32m[../../modules/lte-actions/UlAccessSelection/UplinkPowSimple.cpp: 57] [INFO]   ==> Iteration 100[0m[0m
[1m[32m[../../modules/lte-actions/UlAccessSelection/UplinkPowSimple.cpp: 57] [INFO]   ==> Iteration 200[0m[0m
[1m[32m[../../modules/lte-actions/UlAccessSelection/UplinkPowSimple.cpp: 57] [INFO]   ==> Iteration 300[0m[0m
[1m[32m[../../modules/lte-actions/UlAccessSelection/UplinkPowSimple.cpp: 57] [INFO]   ==> Iteration 400[0m[0m
[1m[32m[../../modules/lte-actions/UlAccessSelection/UplinkPowSimple.cpp: 57] [INFO]   ==> Iteration 500[0m[0m
[1m[32m[../../modules/lte-actions/UlAccessSelection/UplinkPowSimple.cpp: 57] [INFO]   ==> Iteration 100[0m[0m
[1m[32m[../../modules/lte-actions/UlAccessSelection/UplinkPowSimple.cpp: 57] [INFO]   ==> Iteration 200[0m[0m
[1m[32m[../../modules/lte-actions/UlAccessSelection/UplinkPowSimple.cpp: 57] [INFO]   ==> Iteration 300[0m[0m
[1m[32m[../../modules/lte-actions/UlAccessSelection/UplinkPowSimple.cpp: 57] [INFO]   ==> Iteration 400[0m[0m
[1m[32m[../../modules/lte-actions/UlAccessSelection/UplinkPowSimple.cpp: 57] [INFO]   ==> Iteration 500[0m[0m
[1m[32m[../../modules/lte-actions/UlAccessSelection/UplinkPowerLP.cpp: 40] [INFO]   ==> Iteration 100[0m[0m
[1m[32m[../../modules/lte-actions/UlAccessSelection/UplinkPowerLP.cpp: 40] [INFO]   ==> Iteration 200[0m[0m
[1m[32m[../../modules/lte-actions/UlAccessSelection/UplinkPowerLP.cpp: 40] [INFO]   ==> Iteration 300[0m[0m
[1m[32m[../../modules/lte-actions/UlAccessSelection/UplinkPowerLP.cpp: 40] [INFO]   ==> Iteration 400[0m[0m
[1m[32m[../../modules/lte-actions/UlAccessSelection/UplinkPowerLP.cpp: 40] [INFO]   ==> Iteration 500[0m[0m
[1m[32m[../../modules/lte-actions/UlAccessSelection/UplinkPowerLP.cpp: 40] [INFO]   ==> Iteration 100[0m[0m
[1m[32m[../../modules/lte-actions/UlAccessSelection/UplinkPowerLP.cpp: 40] [INFO]   ==> Iteration 200[0m[0m
[1m[32m[../../modules/lte-actions/UlAccessSelection/UplinkPowerLP.cpp: 40] [INFO]   ==> Iteration 300[0m[0m
[1m[32m[../../modules/lte-actions/UlAccessSelection/UplinkPowerLP.cpp: 40] [INFO]   ==> Iteration 400[0m[0m
[1m[32m[../../modules/lte-actions/UlAccessSelection/UplinkPowerLP.cpp: 40] [INFO]   ==> Iteration 500[0m[0m
[1m[32m[../../modules/lte-actions/UlAccessSelection/UplinkPowerLP.cpp: 40] [INFO]   ==> Iteration 100[0m[0m
[1m[32m[../../modules/lte-actions/UlAccessSelection/UplinkPowerLP.cpp: 40] [INFO]   ==> Iteration 200[0m[0m
[1m[32m[../../modules/lte-actions/UlAccessSelection/UplinkPowerLP.cpp: 40] [INFO]   ==> Iteration 300[0m[0m
[1m[32m[../../modules/lte-actions/UlAccessSelection/UplinkPowerLP.cpp: 40] [INFO]   ==> Iteration 400[0m[0m
[1m[32m[../../modules/lte-actions/UlAccessSelection/UplinkPowerLP.cpp: 40] [INFO]   ==> Iteration 500[0m[0m
[1m[32m[../../modules/lte-actions/UlAccessSelection/UplinkPowerLP.cpp: 40] [INFO]   ==> Iteration 100[0m[0m
[1m[32m[../../modules/lte-actions/UlAccessSelection/UplinkPowerLP.cpp: 40] [INFO]   ==> Iteration 200[0m[0m
[1m[32m[../../modules/lte-actions/UlAccessSelection/UplinkPowerLP.cpp: 40] [INFO]   ==> Iteration 300[0m[0m
[1m[32m[../../modules/lte-actions/UlAccessSelection/UplinkPowerLP.cpp: 40] [INFO]   ==> Iteration 400[0m[0m
[1m[32m[../../modules/lte-actions/UlAccessSelection/UplinkPowerLP.cpp: 40] [INFO]   ==> Iteration 500[0m[0m
[1m[32m[../../modules/lte-actions/UlAccessSelection/UplinkPowerLP.cpp: 40] [INFO]   ==> Iteration 100[0m[0m
[1m[32m[../../modules/lte-actions/UlAccessSelection/UplinkPowerLP.cpp: 40] [INFO]   ==> Iteration 200[0m[0m
[1m[32m[../../modules/lte-actions/UlAccessSelection/UplinkPowerLP.cpp: 40] [INFO]   ==> Iteration 300[0m[0m
[1m[32m[../../modules/lte-actions/UlAccessSelection/UplinkPowerLP.cpp: 40] [INFO]   ==> Iteration 400[0m[0m
[1m[32m[../../modules/lte-actions/UlAccessSelection/UplinkPowerLP.cpp: 40] [INFO]   ==> Iteration 500[0m[0m
[1m[32m[../../modules/lte-actions/UlAccessSelection/UplinkPowerLP.cpp: 40] [INFO]   ==> Iteration 100[0m[0m
[1m[32m[../../modules/lte-actions/UlAccessSelection/UplinkPowerLP.cpp: 40] [INFO]   ==> Iteration 200[0m[0m
[1m[32m[../../modules/lte-actions/UlAccessSelection/UplinkPowerLP.cpp: 40] [INFO]   ==> Iteration 300[0m[0m
[1m[32m[../../modules/lte-actions/UlAccessSelection/UplinkPowerLP.cpp: 40] [INFO]   ==> Iteration 400[0m[0m
[1m[32m[../../modules/lte-actions/UlAccessSelection/UplinkPowerLP.cpp: 40] [INFO]   ==> Iteration 500[0m[0m
OL - Users 100, SINR_th 00, picos 050, alpha 0.700000
    RSRP
    PL
OL - Users 100, SINR_th 00, picos 050, alpha 1.000000
    RSRP
    PL
OL - Users 100, SINR_th 05, picos 050, alpha 0.700000
    RSRP
    PL
OL - Users 100, SINR_th 05, picos 050, alpha 1.000000
    RSRP
    PL
OL - Users 100, SINR_th 10, picos 050, alpha 0.700000
    RSRP
    PL
OL - Users 100, SINR_th 10, picos 050, alpha 1.000000
    RSRP
    PL
LP - Users 100, SINR_th 00, picos 050, alpha 1.000000
    RSRP
    PL
LP - Users 100, SINR_th 05, picos 050, alpha 1.000000
    RSRP
    PL
LP - Users 100, SINR_th 10, picos 050, alpha 1.000000
    RSRP
    PL
